mode: set
github.com/harmannkibue/actsml-jobs-orchestrator/cmd/app/main.go:9.13,13.16 2 0
github.com/harmannkibue/actsml-jobs-orchestrator/cmd/app/main.go:13.16,15.3 1 0
github.com/harmannkibue/actsml-jobs-orchestrator/cmd/app/main.go:18.2,18.14 1 0
github.com/harmannkibue/actsml-jobs-orchestrator/config/config.go:43.35,49.16 3 0
github.com/harmannkibue/actsml-jobs-orchestrator/config/config.go:49.16,51.3 1 0
github.com/harmannkibue/actsml-jobs-orchestrator/config/config.go:53.2,54.16 2 0
github.com/harmannkibue/actsml-jobs-orchestrator/config/config.go:54.16,56.3 1 0
github.com/harmannkibue/actsml-jobs-orchestrator/config/config.go:58.2,58.17 1 0
github.com/harmannkibue/actsml-jobs-orchestrator/internal/app/app.go:22.30,30.16 4 0
github.com/harmannkibue/actsml-jobs-orchestrator/internal/app/app.go:30.16,32.3 1 0
github.com/harmannkibue/actsml-jobs-orchestrator/internal/app/app.go:34.2,34.27 1 0
github.com/harmannkibue/actsml-jobs-orchestrator/internal/app/app.go:34.27,36.17 2 0
github.com/harmannkibue/actsml-jobs-orchestrator/internal/app/app.go:36.17,37.46 1 0
github.com/harmannkibue/actsml-jobs-orchestrator/internal/app/app.go:42.2,61.9 8 0
github.com/harmannkibue/actsml-jobs-orchestrator/internal/app/app.go:62.24,63.46 1 0
github.com/harmannkibue/actsml-jobs-orchestrator/internal/app/app.go:64.35,65.64 1 0
github.com/harmannkibue/actsml-jobs-orchestrator/internal/app/app.go:69.2,71.16 2 0
github.com/harmannkibue/actsml-jobs-orchestrator/internal/app/app.go:71.16,73.3 1 0
github.com/harmannkibue/actsml-jobs-orchestrator/docs/docs.go:261.30,266.41 3 0
github.com/harmannkibue/actsml-jobs-orchestrator/docs/docs.go:266.41,269.4 2 0
github.com/harmannkibue/actsml-jobs-orchestrator/docs/docs.go:271.2,271.16 1 0
github.com/harmannkibue/actsml-jobs-orchestrator/docs/docs.go:271.16,273.3 1 0
github.com/harmannkibue/actsml-jobs-orchestrator/docs/docs.go:275.2,276.47 2 0
github.com/harmannkibue/actsml-jobs-orchestrator/docs/docs.go:276.47,278.3 1 0
github.com/harmannkibue/actsml-jobs-orchestrator/docs/docs.go:280.2,280.21 1 0
github.com/harmannkibue/actsml-jobs-orchestrator/docs/docs.go:283.13,285.2 1 0
github.com/harmannkibue/actsml-jobs-orchestrator/internal/controller/http/v1/router.go:29.82,45.46 6 0
github.com/harmannkibue/actsml-jobs-orchestrator/internal/controller/http/v1/router.go:45.46,47.3 1 0
github.com/harmannkibue/actsml-jobs-orchestrator/internal/controller/http/v1/router.go:50.2,50.39 1 0
github.com/harmannkibue/actsml-jobs-orchestrator/internal/controller/http/v1/router.go:50.39,52.3 1 0
github.com/harmannkibue/actsml-jobs-orchestrator/internal/controller/http/v1/router.go:55.2,60.2 3 0
github.com/harmannkibue/actsml-jobs-orchestrator/internal/controller/http/v1/router.go:60.2,62.3 1 0
github.com/harmannkibue/actsml-jobs-orchestrator/internal/entity/error.go:29.53,34.2 2 0
github.com/harmannkibue/actsml-jobs-orchestrator/internal/entity/error.go:37.35,38.16 1 0
github.com/harmannkibue/actsml-jobs-orchestrator/internal/entity/error.go:38.16,40.3 1 0
github.com/harmannkibue/actsml-jobs-orchestrator/internal/entity/error.go:41.2,44.17 3 0
github.com/harmannkibue/actsml-jobs-orchestrator/internal/entity/error.go:45.38,46.40 1 0
github.com/harmannkibue/actsml-jobs-orchestrator/internal/entity/error.go:47.27,48.29 1 0
github.com/harmannkibue/actsml-jobs-orchestrator/internal/entity/error.go:49.27,50.29 1 0
github.com/harmannkibue/actsml-jobs-orchestrator/internal/entity/error.go:51.35,52.31 1 0
github.com/harmannkibue/actsml-jobs-orchestrator/internal/entity/error.go:53.31,54.33 1 0
github.com/harmannkibue/actsml-jobs-orchestrator/internal/entity/error.go:55.29,56.31 1 0
github.com/harmannkibue/actsml-jobs-orchestrator/internal/entity/error.go:57.10,58.40 1 0
github.com/harmannkibue/actsml-jobs-orchestrator/internal/entity/error.go:63.40,69.2 3 0
github.com/harmannkibue/actsml-jobs-orchestrator/internal/entity/error.go:72.52,78.2 3 0
github.com/harmannkibue/actsml-jobs-orchestrator/internal/entity/intfaces/store.go:22.33,27.2 1 0
github.com/harmannkibue/actsml-jobs-orchestrator/internal/entity/intfaces/store.go:30.88,34.16 2 0
github.com/harmannkibue/actsml-jobs-orchestrator/internal/entity/intfaces/store.go:34.16,36.3 1 0
github.com/harmannkibue/actsml-jobs-orchestrator/internal/entity/intfaces/store.go:39.2,42.16 3 0
github.com/harmannkibue/actsml-jobs-orchestrator/internal/entity/intfaces/store.go:42.16,44.41 1 0
github.com/harmannkibue/actsml-jobs-orchestrator/internal/entity/intfaces/store.go:44.41,46.4 1 0
github.com/harmannkibue/actsml-jobs-orchestrator/internal/entity/intfaces/store.go:47.3,47.50 1 0
github.com/harmannkibue/actsml-jobs-orchestrator/internal/entity/intfaces/store.go:49.2,49.20 1 0
github.com/harmannkibue/actsml-jobs-orchestrator/internal/entity/mocks/blog.go:20.96,25.82 4 0
github.com/harmannkibue/actsml-jobs-orchestrator/internal/entity/mocks/blog.go:25.82,27.3 1 0
github.com/harmannkibue/actsml-jobs-orchestrator/internal/entity/mocks/blog.go:28.2,28.73 1 0
github.com/harmannkibue/actsml-jobs-orchestrator/internal/entity/mocks/blog.go:28.73,30.3 1 0
github.com/harmannkibue/actsml-jobs-orchestrator/internal/entity/mocks/blog.go:30.8,31.24 1 0
github.com/harmannkibue/actsml-jobs-orchestrator/internal/entity/mocks/blog.go:31.24,33.4 1 0
github.com/harmannkibue/actsml-jobs-orchestrator/internal/entity/mocks/blog.go:36.2,36.68 1 0
github.com/harmannkibue/actsml-jobs-orchestrator/internal/entity/mocks/blog.go:36.68,38.3 1 0
github.com/harmannkibue/actsml-jobs-orchestrator/internal/entity/mocks/blog.go:38.8,40.3 1 0
github.com/harmannkibue/actsml-jobs-orchestrator/internal/entity/mocks/blog.go:42.2,42.15 1 0
github.com/harmannkibue/actsml-jobs-orchestrator/internal/entity/mocks/blog.go:46.84,51.82 4 0
github.com/harmannkibue/actsml-jobs-orchestrator/internal/entity/mocks/blog.go:51.82,53.3 1 0
github.com/harmannkibue/actsml-jobs-orchestrator/internal/entity/mocks/blog.go:54.2,54.73 1 0
github.com/harmannkibue/actsml-jobs-orchestrator/internal/entity/mocks/blog.go:54.73,56.3 1 0
github.com/harmannkibue/actsml-jobs-orchestrator/internal/entity/mocks/blog.go:56.8,57.24 1 0
github.com/harmannkibue/actsml-jobs-orchestrator/internal/entity/mocks/blog.go:57.24,59.4 1 0
github.com/harmannkibue/actsml-jobs-orchestrator/internal/entity/mocks/blog.go:62.2,62.68 1 0
github.com/harmannkibue/actsml-jobs-orchestrator/internal/entity/mocks/blog.go:62.68,64.3 1 0
github.com/harmannkibue/actsml-jobs-orchestrator/internal/entity/mocks/blog.go:64.8,66.3 1 0
github.com/harmannkibue/actsml-jobs-orchestrator/internal/entity/mocks/blog.go:68.2,68.15 1 0
github.com/harmannkibue/actsml-jobs-orchestrator/internal/entity/mocks/blog.go:72.123,77.117 4 0
github.com/harmannkibue/actsml-jobs-orchestrator/internal/entity/mocks/blog.go:77.117,79.3 1 0
github.com/harmannkibue/actsml-jobs-orchestrator/internal/entity/mocks/blog.go:80.2,80.108 1 0
github.com/harmannkibue/actsml-jobs-orchestrator/internal/entity/mocks/blog.go:80.108,82.3 1 0
github.com/harmannkibue/actsml-jobs-orchestrator/internal/entity/mocks/blog.go:82.8,83.24 1 0
github.com/harmannkibue/actsml-jobs-orchestrator/internal/entity/mocks/blog.go:83.24,85.4 1 0
github.com/harmannkibue/actsml-jobs-orchestrator/internal/entity/mocks/blog.go:88.2,88.86 1 0
github.com/harmannkibue/actsml-jobs-orchestrator/internal/entity/mocks/blog.go:88.86,90.3 1 0
github.com/harmannkibue/actsml-jobs-orchestrator/internal/entity/mocks/blog.go:90.8,92.3 1 0
github.com/harmannkibue/actsml-jobs-orchestrator/internal/entity/mocks/blog.go:94.2,94.15 1 0
github.com/harmannkibue/actsml-jobs-orchestrator/internal/entity/mocks/blog.go:103.75,107.19 3 0
github.com/harmannkibue/actsml-jobs-orchestrator/internal/entity/mocks/blog.go:107.19,107.49 1 0
github.com/harmannkibue/actsml-jobs-orchestrator/internal/entity/mocks/blog.go:109.2,109.13 1 0
github.com/harmannkibue/actsml-jobs-orchestrator/internal/entity/mocks/store.go:23.98,28.89 4 0
github.com/harmannkibue/actsml-jobs-orchestrator/internal/entity/mocks/store.go:28.89,30.3 1 0
github.com/harmannkibue/actsml-jobs-orchestrator/internal/entity/mocks/store.go:31.2,31.80 1 0
github.com/harmannkibue/actsml-jobs-orchestrator/internal/entity/mocks/store.go:31.80,33.3 1 0
github.com/harmannkibue/actsml-jobs-orchestrator/internal/entity/mocks/store.go:33.8,35.3 1 0
github.com/harmannkibue/actsml-jobs-orchestrator/internal/entity/mocks/store.go:37.2,37.76 1 0
github.com/harmannkibue/actsml-jobs-orchestrator/internal/entity/mocks/store.go:37.76,39.3 1 0
github.com/harmannkibue/actsml-jobs-orchestrator/internal/entity/mocks/store.go:39.8,41.3 1 0
github.com/harmannkibue/actsml-jobs-orchestrator/internal/entity/mocks/store.go:43.2,43.15 1 0
github.com/harmannkibue/actsml-jobs-orchestrator/internal/entity/mocks/store.go:47.70,51.71 3 0
github.com/harmannkibue/actsml-jobs-orchestrator/internal/entity/mocks/store.go:51.71,53.3 1 0
github.com/harmannkibue/actsml-jobs-orchestrator/internal/entity/mocks/store.go:53.8,55.3 1 0
github.com/harmannkibue/actsml-jobs-orchestrator/internal/entity/mocks/store.go:57.2,57.11 1 0
github.com/harmannkibue/actsml-jobs-orchestrator/internal/entity/mocks/store.go:61.80,66.84 4 0
github.com/harmannkibue/actsml-jobs-orchestrator/internal/entity/mocks/store.go:66.84,68.3 1 0
github.com/harmannkibue/actsml-jobs-orchestrator/internal/entity/mocks/store.go:69.2,69.75 1 0
github.com/harmannkibue/actsml-jobs-orchestrator/internal/entity/mocks/store.go:69.75,71.3 1 0
github.com/harmannkibue/actsml-jobs-orchestrator/internal/entity/mocks/store.go:71.8,73.3 1 0
github.com/harmannkibue/actsml-jobs-orchestrator/internal/entity/mocks/store.go:75.2,75.71 1 0
github.com/harmannkibue/actsml-jobs-orchestrator/internal/entity/mocks/store.go:75.71,77.3 1 0
github.com/harmannkibue/actsml-jobs-orchestrator/internal/entity/mocks/store.go:77.8,79.3 1 0
github.com/harmannkibue/actsml-jobs-orchestrator/internal/entity/mocks/store.go:81.2,81.15 1 0
github.com/harmannkibue/actsml-jobs-orchestrator/internal/entity/mocks/store.go:85.94,90.96 4 0
github.com/harmannkibue/actsml-jobs-orchestrator/internal/entity/mocks/store.go:90.96,92.3 1 0
github.com/harmannkibue/actsml-jobs-orchestrator/internal/entity/mocks/store.go:93.2,93.87 1 0
github.com/harmannkibue/actsml-jobs-orchestrator/internal/entity/mocks/store.go:93.87,95.3 1 0
github.com/harmannkibue/actsml-jobs-orchestrator/internal/entity/mocks/store.go:95.8,96.24 1 0
github.com/harmannkibue/actsml-jobs-orchestrator/internal/entity/mocks/store.go:96.24,98.4 1 0
github.com/harmannkibue/actsml-jobs-orchestrator/internal/entity/mocks/store.go:101.2,101.81 1 0
github.com/harmannkibue/actsml-jobs-orchestrator/internal/entity/mocks/store.go:101.81,103.3 1 0
github.com/harmannkibue/actsml-jobs-orchestrator/internal/entity/mocks/store.go:103.8,105.3 1 0
github.com/harmannkibue/actsml-jobs-orchestrator/internal/entity/mocks/store.go:107.2,107.15 1 0
github.com/harmannkibue/actsml-jobs-orchestrator/internal/entity/mocks/store.go:116.57,120.19 3 0
github.com/harmannkibue/actsml-jobs-orchestrator/internal/entity/mocks/store.go:120.19,120.49 1 0
github.com/harmannkibue/actsml-jobs-orchestrator/internal/entity/mocks/store.go:122.2,122.13 1 0
github.com/harmannkibue/actsml-jobs-orchestrator/pkg/httpserver/options.go:12.31,13.25 1 0
github.com/harmannkibue/actsml-jobs-orchestrator/pkg/httpserver/options.go:13.25,15.3 1 0
github.com/harmannkibue/actsml-jobs-orchestrator/pkg/httpserver/options.go:19.48,20.25 1 0
github.com/harmannkibue/actsml-jobs-orchestrator/pkg/httpserver/options.go:20.25,22.3 1 0
github.com/harmannkibue/actsml-jobs-orchestrator/pkg/httpserver/options.go:26.49,27.25 1 0
github.com/harmannkibue/actsml-jobs-orchestrator/pkg/httpserver/options.go:27.25,29.3 1 0
github.com/harmannkibue/actsml-jobs-orchestrator/pkg/httpserver/options.go:33.52,34.25 1 0
github.com/harmannkibue/actsml-jobs-orchestrator/pkg/httpserver/options.go:34.25,36.3 1 0
github.com/harmannkibue/actsml-jobs-orchestrator/pkg/httpserver/server.go:25.56,40.27 3 0
github.com/harmannkibue/actsml-jobs-orchestrator/pkg/httpserver/server.go:40.27,42.3 1 0
github.com/harmannkibue/actsml-jobs-orchestrator/pkg/httpserver/server.go:44.2,46.10 2 0
github.com/harmannkibue/actsml-jobs-orchestrator/pkg/httpserver/server.go:49.26,50.12 1 0
github.com/harmannkibue/actsml-jobs-orchestrator/pkg/httpserver/server.go:50.12,53.3 2 0
github.com/harmannkibue/actsml-jobs-orchestrator/pkg/httpserver/server.go:57.40,59.2 1 0
github.com/harmannkibue/actsml-jobs-orchestrator/pkg/httpserver/server.go:62.35,67.2 3 0
github.com/harmannkibue/actsml-jobs-orchestrator/pkg/logger/logger.go:27.32,30.32 2 0
github.com/harmannkibue/actsml-jobs-orchestrator/pkg/logger/logger.go:31.15,32.25 1 0
github.com/harmannkibue/actsml-jobs-orchestrator/pkg/logger/logger.go:33.14,34.24 1 0
github.com/harmannkibue/actsml-jobs-orchestrator/pkg/logger/logger.go:35.14,36.24 1 0
github.com/harmannkibue/actsml-jobs-orchestrator/pkg/logger/logger.go:37.15,38.25 1 0
github.com/harmannkibue/actsml-jobs-orchestrator/pkg/logger/logger.go:39.10,40.24 1 0
github.com/harmannkibue/actsml-jobs-orchestrator/pkg/logger/logger.go:43.2,50.3 4 0
github.com/harmannkibue/actsml-jobs-orchestrator/pkg/logger/logger.go:54.66,56.2 1 0
github.com/harmannkibue/actsml-jobs-orchestrator/pkg/logger/logger.go:59.60,61.2 1 0
github.com/harmannkibue/actsml-jobs-orchestrator/pkg/logger/logger.go:64.60,66.2 1 0
github.com/harmannkibue/actsml-jobs-orchestrator/pkg/logger/logger.go:69.66,70.47 1 0
github.com/harmannkibue/actsml-jobs-orchestrator/pkg/logger/logger.go:70.47,72.3 1 0
github.com/harmannkibue/actsml-jobs-orchestrator/pkg/logger/logger.go:74.2,74.34 1 0
github.com/harmannkibue/actsml-jobs-orchestrator/pkg/logger/logger.go:78.66,82.2 2 0
github.com/harmannkibue/actsml-jobs-orchestrator/pkg/logger/logger.go:84.59,85.20 1 0
github.com/harmannkibue/actsml-jobs-orchestrator/pkg/logger/logger.go:85.20,87.3 1 0
github.com/harmannkibue/actsml-jobs-orchestrator/pkg/logger/logger.go:87.8,89.3 1 0
github.com/harmannkibue/actsml-jobs-orchestrator/pkg/logger/logger.go:92.78,93.31 1 0
github.com/harmannkibue/actsml-jobs-orchestrator/pkg/logger/logger.go:94.13,95.30 1 0
github.com/harmannkibue/actsml-jobs-orchestrator/pkg/logger/logger.go:96.14,97.22 1 0
github.com/harmannkibue/actsml-jobs-orchestrator/pkg/logger/logger.go:98.10,99.88 1 0
github.com/harmannkibue/actsml-jobs-orchestrator/internal/usecase/microservices/translate_blog.go:5.10,7.2 1 0
github.com/harmannkibue/actsml-jobs-orchestrator/internal/usecase/repository/blog.sql.go:24.94,35.2 4 0
github.com/harmannkibue/actsml-jobs-orchestrator/internal/usecase/repository/blog.sql.go:41.71,44.2 2 0
github.com/harmannkibue/actsml-jobs-orchestrator/internal/usecase/repository/blog.sql.go:51.76,62.2 4 0
github.com/harmannkibue/actsml-jobs-orchestrator/internal/usecase/repository/blog.sql.go:76.85,78.16 2 0
github.com/harmannkibue/actsml-jobs-orchestrator/internal/usecase/repository/blog.sql.go:78.16,80.3 1 0
github.com/harmannkibue/actsml-jobs-orchestrator/internal/usecase/repository/blog.sql.go:81.2,83.18 3 0
github.com/harmannkibue/actsml-jobs-orchestrator/internal/usecase/repository/blog.sql.go:83.18,91.17 2 0
github.com/harmannkibue/actsml-jobs-orchestrator/internal/usecase/repository/blog.sql.go:91.17,93.4 1 0
github.com/harmannkibue/actsml-jobs-orchestrator/internal/usecase/repository/blog.sql.go:94.3,94.27 1 0
github.com/harmannkibue/actsml-jobs-orchestrator/internal/usecase/repository/blog.sql.go:96.2,96.37 1 0
github.com/harmannkibue/actsml-jobs-orchestrator/internal/usecase/repository/blog.sql.go:96.37,98.3 1 0
github.com/harmannkibue/actsml-jobs-orchestrator/internal/usecase/repository/blog.sql.go:99.2,99.35 1 0
github.com/harmannkibue/actsml-jobs-orchestrator/internal/usecase/repository/blog.sql.go:99.35,101.3 1 0
github.com/harmannkibue/actsml-jobs-orchestrator/internal/usecase/repository/blog.sql.go:102.2,102.19 1 0
github.com/harmannkibue/actsml-jobs-orchestrator/internal/usecase/repository/entity.go:23.49,24.25 1 0
github.com/harmannkibue/actsml-jobs-orchestrator/internal/usecase/repository/entity.go:25.14,26.20 1 0
github.com/harmannkibue/actsml-jobs-orchestrator/internal/usecase/repository/entity.go:27.14,28.20 1 0
github.com/harmannkibue/actsml-jobs-orchestrator/internal/usecase/repository/entity.go:29.10,30.68 1 0
github.com/harmannkibue/actsml-jobs-orchestrator/internal/usecase/repository/entity.go:32.2,32.12 1 0
github.com/harmannkibue/actsml-jobs-orchestrator/internal/usecase/repository/entity.go:41.56,42.18 1 0
github.com/harmannkibue/actsml-jobs-orchestrator/internal/usecase/repository/entity.go:42.18,45.3 2 0
github.com/harmannkibue/actsml-jobs-orchestrator/internal/usecase/repository/entity.go:46.2,47.33 2 0
github.com/harmannkibue/actsml-jobs-orchestrator/internal/usecase/repository/entity.go:51.55,52.15 1 0
github.com/harmannkibue/actsml-jobs-orchestrator/internal/usecase/repository/entity.go:52.15,54.3 1 0
github.com/harmannkibue/actsml-jobs-orchestrator/internal/usecase/repository/entity.go:55.2,55.34 1 0
github.com/harmannkibue/actsml-jobs-orchestrator/internal/usecase/repository/entity.go:58.39,63.2 1 0
github.com/harmannkibue/actsml-jobs-orchestrator/internal/usecase/repository/intfaces.go:19.28,21.2 1 0
github.com/harmannkibue/actsml-jobs-orchestrator/internal/usecase/repository/intfaces.go:27.47,31.2 1 0
github.com/harmannkibue/actsml-jobs-orchestrator/internal/usecase/utils/query_paginator.go:9.62,14.2 3 0
github.com/harmannkibue/actsml-jobs-orchestrator/internal/usecase/utils/query_paginator.go:17.100,25.14 3 0
github.com/harmannkibue/actsml-jobs-orchestrator/internal/usecase/utils/query_paginator.go:25.14,27.3 1 0
github.com/harmannkibue/actsml-jobs-orchestrator/internal/usecase/utils/query_paginator.go:27.8,29.3 1 0
github.com/harmannkibue/actsml-jobs-orchestrator/internal/usecase/utils/query_paginator.go:30.2,30.32 1 0
github.com/harmannkibue/actsml-jobs-orchestrator/internal/usecase/utils/query_paginator.go:30.32,32.3 1 0
github.com/harmannkibue/actsml-jobs-orchestrator/internal/usecase/utils/query_paginator.go:32.8,34.3 1 0
github.com/harmannkibue/actsml-jobs-orchestrator/internal/usecase/utils/query_paginator.go:36.2,36.31 1 0
github.com/harmannkibue/actsml-jobs-orchestrator/internal/usecase/utils/type_conversion.go:10.47,17.2 3 0
github.com/harmannkibue/actsml-jobs-orchestrator/internal/usecase/utils/type_conversion.go:19.49,22.2 2 0
github.com/harmannkibue/actsml-jobs-orchestrator/internal/usecase/utils/type_conversion.go:25.49,28.2 2 0
github.com/harmannkibue/actsml-jobs-orchestrator/internal/usecase/utils/type_conversion.go:31.38,35.2 3 0
github.com/harmannkibue/actsml-jobs-orchestrator/internal/usecase/utils/type_conversion.go:38.47,41.16 3 0
github.com/harmannkibue/actsml-jobs-orchestrator/internal/usecase/utils/type_conversion.go:41.16,44.3 2 0
github.com/harmannkibue/actsml-jobs-orchestrator/internal/usecase/utils/type_conversion.go:46.2,46.24 1 0
github.com/harmannkibue/actsml-jobs-orchestrator/internal/usecase/utils/type_conversion.go:50.56,54.16 4 0
github.com/harmannkibue/actsml-jobs-orchestrator/internal/usecase/utils/type_conversion.go:54.16,56.3 1 0
github.com/harmannkibue/actsml-jobs-orchestrator/internal/usecase/utils/type_conversion.go:57.2,57.25 1 0
github.com/harmannkibue/actsml-jobs-orchestrator/internal/usecase/repository/sqlc/blog.sql.go:24.94,35.2 4 0
github.com/harmannkibue/actsml-jobs-orchestrator/internal/usecase/repository/sqlc/blog.sql.go:41.71,44.2 2 0
github.com/harmannkibue/actsml-jobs-orchestrator/internal/usecase/repository/sqlc/blog.sql.go:51.76,62.2 4 0
github.com/harmannkibue/actsml-jobs-orchestrator/internal/usecase/repository/sqlc/blog.sql.go:76.85,78.16 2 0
github.com/harmannkibue/actsml-jobs-orchestrator/internal/usecase/repository/sqlc/blog.sql.go:78.16,80.3 1 0
github.com/harmannkibue/actsml-jobs-orchestrator/internal/usecase/repository/sqlc/blog.sql.go:81.2,83.18 3 0
github.com/harmannkibue/actsml-jobs-orchestrator/internal/usecase/repository/sqlc/blog.sql.go:83.18,91.17 2 0
github.com/harmannkibue/actsml-jobs-orchestrator/internal/usecase/repository/sqlc/blog.sql.go:91.17,93.4 1 0
github.com/harmannkibue/actsml-jobs-orchestrator/internal/usecase/repository/sqlc/blog.sql.go:94.3,94.27 1 0
github.com/harmannkibue/actsml-jobs-orchestrator/internal/usecase/repository/sqlc/blog.sql.go:96.2,96.37 1 0
github.com/harmannkibue/actsml-jobs-orchestrator/internal/usecase/repository/sqlc/blog.sql.go:96.37,98.3 1 0
github.com/harmannkibue/actsml-jobs-orchestrator/internal/usecase/repository/sqlc/blog.sql.go:99.2,99.35 1 0
github.com/harmannkibue/actsml-jobs-orchestrator/internal/usecase/repository/sqlc/blog.sql.go:99.35,101.3 1 0
github.com/harmannkibue/actsml-jobs-orchestrator/internal/usecase/repository/sqlc/blog.sql.go:102.2,102.19 1 0
github.com/harmannkibue/actsml-jobs-orchestrator/internal/usecase/repository/sqlc/entity.go:22.49,23.25 1 0
github.com/harmannkibue/actsml-jobs-orchestrator/internal/usecase/repository/sqlc/entity.go:24.14,25.20 1 0
github.com/harmannkibue/actsml-jobs-orchestrator/internal/usecase/repository/sqlc/entity.go:26.14,27.20 1 0
github.com/harmannkibue/actsml-jobs-orchestrator/internal/usecase/repository/sqlc/entity.go:28.10,29.68 1 0
github.com/harmannkibue/actsml-jobs-orchestrator/internal/usecase/repository/sqlc/entity.go:31.2,31.12 1 0
github.com/harmannkibue/actsml-jobs-orchestrator/internal/usecase/repository/sqlc/entity.go:34.39,39.2 1 0
github.com/harmannkibue/actsml-jobs-orchestrator/internal/usecase/repository/sqlc/interfaces.go:19.28,21.2 1 0
github.com/harmannkibue/actsml-jobs-orchestrator/internal/usecase/repository/sqlc/interfaces.go:27.47,31.2 1 0
github.com/harmannkibue/actsml-jobs-orchestrator/pkg/postgres/postgres.go:17.47,20.24 2 0
github.com/harmannkibue/actsml-jobs-orchestrator/pkg/postgres/postgres.go:20.24,22.3 1 0
github.com/harmannkibue/actsml-jobs-orchestrator/pkg/postgres/postgres.go:25.2,27.16 2 0
github.com/harmannkibue/actsml-jobs-orchestrator/pkg/postgres/postgres.go:27.16,31.3 1 0
github.com/harmannkibue/actsml-jobs-orchestrator/pkg/postgres/postgres.go:36.2,40.18 4 0
github.com/harmannkibue/actsml-jobs-orchestrator/internal/controller/http/v1/blog_route/blogs_route.go:19.92,23.2 3 0
github.com/harmannkibue/actsml-jobs-orchestrator/internal/controller/http/v1/blog_route/blogs_route.go:23.2,28.3 3 0
github.com/harmannkibue/actsml-jobs-orchestrator/internal/controller/http/v1/blog_route/blogs_route.go:45.48,49.16 3 1
github.com/harmannkibue/actsml-jobs-orchestrator/internal/controller/http/v1/blog_route/blogs_route.go:49.16,53.3 3 1
github.com/harmannkibue/actsml-jobs-orchestrator/internal/controller/http/v1/blog_route/blogs_route.go:55.2,55.31 1 1
github.com/harmannkibue/actsml-jobs-orchestrator/internal/controller/http/v1/blog_route/blogs_route.go:82.54,85.50 2 0
github.com/harmannkibue/actsml-jobs-orchestrator/internal/controller/http/v1/blog_route/blogs_route.go:85.50,89.3 3 0
github.com/harmannkibue/actsml-jobs-orchestrator/internal/controller/http/v1/blog_route/blogs_route.go:91.2,93.16 2 0
github.com/harmannkibue/actsml-jobs-orchestrator/internal/controller/http/v1/blog_route/blogs_route.go:93.16,95.3 1 0
github.com/harmannkibue/actsml-jobs-orchestrator/internal/controller/http/v1/blog_route/blogs_route.go:97.2,97.36 1 0
github.com/harmannkibue/actsml-jobs-orchestrator/internal/controller/http/v1/blog_route/blogs_route.go:111.49,116.16 3 0
github.com/harmannkibue/actsml-jobs-orchestrator/internal/controller/http/v1/blog_route/blogs_route.go:116.16,118.3 1 0
github.com/harmannkibue/actsml-jobs-orchestrator/internal/controller/http/v1/blog_route/blogs_route.go:119.2,119.17 1 0
github.com/harmannkibue/actsml-jobs-orchestrator/internal/controller/http/v1/blog_route/blogs_route.go:119.17,121.3 1 0
github.com/harmannkibue/actsml-jobs-orchestrator/internal/controller/http/v1/blog_route/blogs_route.go:123.2,128.16 2 0
github.com/harmannkibue/actsml-jobs-orchestrator/internal/controller/http/v1/blog_route/blogs_route.go:128.16,130.3 1 0
github.com/harmannkibue/actsml-jobs-orchestrator/internal/controller/http/v1/blog_route/blogs_route.go:131.2,131.32 1 0
github.com/harmannkibue/actsml-jobs-orchestrator/internal/usecase/blog_usecase/blog_base_usecase.go:13.90,18.2 1 1
github.com/harmannkibue/actsml-jobs-orchestrator/internal/usecase/blog_usecase/blog_usecase.go:16.89,19.16 2 1
github.com/harmannkibue/actsml-jobs-orchestrator/internal/usecase/blog_usecase/blog_usecase.go:19.16,21.3 1 0
github.com/harmannkibue/actsml-jobs-orchestrator/internal/usecase/blog_usecase/blog_usecase.go:23.2,24.16 2 1
github.com/harmannkibue/actsml-jobs-orchestrator/internal/usecase/blog_usecase/blog_usecase.go:24.16,26.3 1 0
github.com/harmannkibue/actsml-jobs-orchestrator/internal/usecase/blog_usecase/blog_usecase.go:28.2,28.19 1 1
github.com/harmannkibue/actsml-jobs-orchestrator/internal/usecase/blog_usecase/blog_usecase.go:31.101,35.16 2 0
github.com/harmannkibue/actsml-jobs-orchestrator/internal/usecase/blog_usecase/blog_usecase.go:35.16,37.3 1 0
github.com/harmannkibue/actsml-jobs-orchestrator/internal/usecase/blog_usecase/blog_usecase.go:39.2,39.19 1 0
github.com/harmannkibue/actsml-jobs-orchestrator/internal/usecase/blog_usecase/blog_usecase.go:43.128,47.16 2 0
github.com/harmannkibue/actsml-jobs-orchestrator/internal/usecase/blog_usecase/blog_usecase.go:47.16,49.3 1 0
github.com/harmannkibue/actsml-jobs-orchestrator/internal/usecase/blog_usecase/blog_usecase.go:51.2,53.16 2 0
github.com/harmannkibue/actsml-jobs-orchestrator/internal/usecase/blog_usecase/blog_usecase.go:53.16,55.3 1 0
github.com/harmannkibue/actsml-jobs-orchestrator/internal/usecase/blog_usecase/blog_usecase.go:57.2,64.16 3 0
github.com/harmannkibue/actsml-jobs-orchestrator/internal/usecase/blog_usecase/blog_usecase.go:64.16,66.3 1 0
github.com/harmannkibue/actsml-jobs-orchestrator/internal/usecase/blog_usecase/blog_usecase.go:68.2,70.102 2 0
