mode: set
github.com/harmannkibue/golang_gin_clean_architecture/internal/controller/http/v1/blog_route/blogs_route.go:19.89,23.2 3 0
github.com/harmannkibue/golang_gin_clean_architecture/internal/controller/http/v1/blog_route/blogs_route.go:23.2,28.3 3 0
github.com/harmannkibue/golang_gin_clean_architecture/internal/controller/http/v1/blog_route/blogs_route.go:45.48,49.16 3 1
github.com/harmannkibue/golang_gin_clean_architecture/internal/controller/http/v1/blog_route/blogs_route.go:55.2,55.31 1 1
github.com/harmannkibue/golang_gin_clean_architecture/internal/controller/http/v1/blog_route/blogs_route.go:49.16,53.3 3 1
github.com/harmannkibue/golang_gin_clean_architecture/internal/controller/http/v1/blog_route/blogs_route.go:82.54,85.50 2 0
github.com/harmannkibue/golang_gin_clean_architecture/internal/controller/http/v1/blog_route/blogs_route.go:91.2,93.16 2 0
github.com/harmannkibue/golang_gin_clean_architecture/internal/controller/http/v1/blog_route/blogs_route.go:97.2,97.36 1 0
github.com/harmannkibue/golang_gin_clean_architecture/internal/controller/http/v1/blog_route/blogs_route.go:85.50,89.3 3 0
github.com/harmannkibue/golang_gin_clean_architecture/internal/controller/http/v1/blog_route/blogs_route.go:93.16,95.3 1 0
github.com/harmannkibue/golang_gin_clean_architecture/internal/controller/http/v1/blog_route/blogs_route.go:111.49,116.16 3 0
github.com/harmannkibue/golang_gin_clean_architecture/internal/controller/http/v1/blog_route/blogs_route.go:119.2,119.17 1 0
github.com/harmannkibue/golang_gin_clean_architecture/internal/controller/http/v1/blog_route/blogs_route.go:123.2,128.16 2 0
github.com/harmannkibue/golang_gin_clean_architecture/internal/controller/http/v1/blog_route/blogs_route.go:131.2,131.32 1 0
github.com/harmannkibue/golang_gin_clean_architecture/internal/controller/http/v1/blog_route/blogs_route.go:116.16,118.3 1 0
github.com/harmannkibue/golang_gin_clean_architecture/internal/controller/http/v1/blog_route/blogs_route.go:119.17,121.3 1 0
github.com/harmannkibue/golang_gin_clean_architecture/internal/controller/http/v1/blog_route/blogs_route.go:128.16,130.3 1 0
github.com/harmannkibue/golang_gin_clean_architecture/internal/usecase/blog_usecase/blog_base_usecase.go:13.87,18.2 1 1
github.com/harmannkibue/golang_gin_clean_architecture/internal/usecase/blog_usecase/blog_usecase.go:16.89,19.16 2 1
github.com/harmannkibue/golang_gin_clean_architecture/internal/usecase/blog_usecase/blog_usecase.go:23.2,24.16 2 1
github.com/harmannkibue/golang_gin_clean_architecture/internal/usecase/blog_usecase/blog_usecase.go:28.2,28.19 1 1
github.com/harmannkibue/golang_gin_clean_architecture/internal/usecase/blog_usecase/blog_usecase.go:19.16,21.3 1 0
github.com/harmannkibue/golang_gin_clean_architecture/internal/usecase/blog_usecase/blog_usecase.go:24.16,26.3 1 0
github.com/harmannkibue/golang_gin_clean_architecture/internal/usecase/blog_usecase/blog_usecase.go:31.101,35.16 2 0
github.com/harmannkibue/golang_gin_clean_architecture/internal/usecase/blog_usecase/blog_usecase.go:39.2,39.19 1 0
github.com/harmannkibue/golang_gin_clean_architecture/internal/usecase/blog_usecase/blog_usecase.go:35.16,37.3 1 0
github.com/harmannkibue/golang_gin_clean_architecture/internal/usecase/blog_usecase/blog_usecase.go:43.128,47.16 2 0
github.com/harmannkibue/golang_gin_clean_architecture/internal/usecase/blog_usecase/blog_usecase.go:51.2,53.16 2 0
github.com/harmannkibue/golang_gin_clean_architecture/internal/usecase/blog_usecase/blog_usecase.go:57.2,64.16 3 0
github.com/harmannkibue/golang_gin_clean_architecture/internal/usecase/blog_usecase/blog_usecase.go:68.2,70.102 2 0
github.com/harmannkibue/golang_gin_clean_architecture/internal/usecase/blog_usecase/blog_usecase.go:47.16,49.3 1 0
github.com/harmannkibue/golang_gin_clean_architecture/internal/usecase/blog_usecase/blog_usecase.go:53.16,55.3 1 0
github.com/harmannkibue/golang_gin_clean_architecture/internal/usecase/blog_usecase/blog_usecase.go:64.16,66.3 1 0
